0 info it worked if it ends with ok
1 verbose cli [ 'C:\\Program Files\\nodejs\\\\node.exe',
1 verbose cli   'C:\\Program Files\\nodejs\\node_modules\\npm\\bin\\npm-cli.js',
1 verbose cli   'run-script',
1 verbose cli   'grunt' ]
2 info using npm@1.1.69
3 info using node@v0.8.16
4 verbose node symlink C:\Program Files\nodejs\\node.exe
5 verbose read json D:\Node\backboneTutorial\package.json
6 warn package.json btask@0.0.1 No README.md file found!
7 verbose run-script [ 'pregrunt', 'grunt', 'postgrunt' ]
8 info pregrunt btask@0.0.1
9 info grunt btask@0.0.1
10 verbose unsafe-perm in lifecycle true
11 silly exec cmd "/c" "./node_modules/.bin/grunt"
12 silly cmd,/c,./node_modules/.bin/grunt,D:\Node\backboneTutorial spawning
13 info btask@0.0.1 Failed to exec grunt script
14 error btask@0.0.1 grunt: `./node_modules/.bin/grunt`
14 error `cmd "/c" "./node_modules/.bin/grunt"` failed with 1
15 error Failed at the btask@0.0.1 grunt script.
15 error This is most likely a problem with the btask package,
15 error not with npm itself.
15 error Tell the author that this fails on your system:
15 error     ./node_modules/.bin/grunt
15 error You can get their info via:
15 error     npm owner ls btask
15 error There is likely additional logging output above.
16 error System Windows_NT 6.1.7601
17 error command "C:\\Program Files\\nodejs\\\\node.exe" "C:\\Program Files\\nodejs\\node_modules\\npm\\bin\\npm-cli.js" "run-script" "grunt"
18 error cwd D:\Node\backboneTutorial
19 error node -v v0.8.16
20 error npm -v 1.1.69
21 error code ELIFECYCLE
22 verbose exit [ 1, true ]
