0 info it worked if it ends with ok
1 verbose cli [ 'C:\\Program Files\\nodejs\\\\node.exe',
1 verbose cli   'C:\\Program Files\\nodejs\\node_modules\\npm\\bin\\npm-cli.js',
1 verbose cli   'run-script',
1 verbose cli   'test' ]
2 info using npm@1.1.69
3 info using node@v0.8.16
4 verbose node symlink C:\Program Files\nodejs\\node.exe
5 verbose read json E:\Node\backboneTutorial\app\package.json
6 error Error: ENOENT, open 'E:\Node\backboneTutorial\app\package.json'
7 error If you need help, you may report this log at:
7 error     <http://github.com/isaacs/npm/issues>
7 error or email it to:
7 error     <npm-@googlegroups.com>
8 error System Windows_NT 6.1.7600
9 error command "C:\\Program Files\\nodejs\\\\node.exe" "C:\\Program Files\\nodejs\\node_modules\\npm\\bin\\npm-cli.js" "run-script" "test"
10 error cwd E:\Node\backboneTutorial\app
11 error node -v v0.8.16
12 error npm -v 1.1.69
13 error path E:\Node\backboneTutorial\app\package.json
14 error code ENOENT
15 error errno 34
16 verbose exit [ 34, true ]
